# JRE version: Java(TM) SE Runtime Environment (8.0_65-b17) (build 1.8.0_65-b17)
# Java VM: Java HotSpot(TM) 64-Bit Server VM (25.65-b01 mixed mode windows-amd64 compressed oops)
Heap:
 PSYoungGen      total 8704K, used 6236K [0x00000000f5d00000, 0x00000000f6900000, 0x0000000100000000)
  eden space 5632K, 81% used [0x00000000f5d00000,0x00000000f617f278,0x00000000f6280000)
  from space 3072K, 53% used [0x00000000f6280000,0x00000000f6418000,0x00000000f6580000)
  to   space 3072K, 0% used [0x00000000f6600000,0x00000000f6600000,0x00000000f6900000)
 ParOldGen       total 17408K, used 12308K [0x00000000e1600000, 0x00000000e2700000, 0x00000000f5d00000)
  object space 17408K, 70% used [0x00000000e1600000,0x00000000e2205008,0x00000000e2700000)
 Metaspace       used 9759K, capacity 10132K, committed 10368K, reserved 1058816K
  class space    used 1081K, capacity 1104K, committed 1152K, reserved 1048576K
GC Heap History (10 events):
Event: 21.235 GC heap before
{Heap before GC invocations=22 (full 3):
 PSYoungGen      total 7168K, used 4608K [0x00000000f5d00000, 0x00000000f6680000, 0x0000000100000000)
  eden space 4608K, 100% used [0x00000000f5d00000,0x00000000f6180000,0x00000000f6180000)
  from space 2560K, 0% used [0x00000000f6400000,0x00000000f6400000,0x00000000f6680000)
  to   space 2560K, 0% used [0x00000000f6180000,0x00000000f6180000,0x00000000f6400000)
 ParOldGen       total 17408K, used 10340K [0x00000000e1600000, 0x00000000e2700000, 0x00000000f5d00000)
  object space 17408K, 59% used [0x00000000e1600000,0x00000000e20190b8,0x00000000e2700000)
 Metaspace       used 7755K, capacity 8564K, committed 8704K, reserved 1056768K
  class space    used 907K, capacity 944K, committed 1024K, reserved 1048576K
Event: 21.237 GC heap after
Heap after GC invocations=22 (full 3):
 PSYoungGen      total 7168K, used 770K [0x00000000f5d00000, 0x00000000f6780000, 0x0000000100000000)
  eden space 4608K, 0% used [0x00000000f5d00000,0x00000000f5d00000,0x00000000f6180000)
  from space 2560K, 30% used [0x00000000f6180000,0x00000000f6240b08,0x00000000f6400000)
  to   space 2560K, 0% used [0x00000000f6500000,0x00000000f6500000,0x00000000f6780000)
 ParOldGen       total 17408K, used 10340K [0x00000000e1600000, 0x00000000e2700000, 0x00000000f5d00000)
  object space 17408K, 59% used [0x00000000e1600000,0x00000000e20190b8,0x00000000e2700000)
 Metaspace       used 7755K, capacity 8564K, committed 8704K, reserved 1056768K
  class space    used 907K, capacity 944K, committed 1024K, reserved 1048576K
}
Event: 22.413 GC heap before
{Heap before GC invocations=23 (full 3):
 PSYoungGen      total 7168K, used 5378K [0x00000000f5d00000, 0x00000000f6780000, 0x0000000100000000)
  eden space 4608K, 100% used [0x00000000f5d00000,0x00000000f6180000,0x00000000f6180000)
  from space 2560K, 30% used [0x00000000f6180000,0x00000000f6240b08,0x00000000f6400000)
  to   space 2560K, 0% used [0x00000000f6500000,0x00000000f6500000,0x00000000f6780000)
 ParOldGen       total 17408K, used 10340K [0x00000000e1600000, 0x00000000e2700000, 0x00000000f5d00000)
  object space 17408K, 59% used [0x00000000e1600000,0x00000000e20190b8,0x00000000e2700000)
 Metaspace       used 7892K, capacity 8692K, committed 8960K, reserved 1056768K
  class space    used 907K, capacity 944K, committed 1024K, reserved 1048576K
Event: 22.416 GC heap after
Heap after GC invocations=23 (full 3):
 PSYoungGen      total 7168K, used 2018K [0x00000000f5d00000, 0x00000000f6700000, 0x0000000100000000)
  eden space 5120K, 0% used [0x00000000f5d00000,0x00000000f5d00000,0x00000000f6200000)
  from space 2048K, 98% used [0x00000000f6500000,0x00000000f66f8b18,0x00000000f6700000)
  to   space 2560K, 0% used [0x00000000f6200000,0x00000000f6200000,0x00000000f6480000)
 ParOldGen       total 17408K, used 10348K [0x00000000e1600000, 0x00000000e2700000, 0x00000000f5d00000)
  object space 17408K, 59% used [0x00000000e1600000,0x00000000e201b0b8,0x00000000e2700000)
 Metaspace       used 7892K, capacity 8692K, committed 8960K, reserved 1056768K
  class space    used 907K, capacity 944K, committed 1024K, reserved 1048576K
}
Event: 23.113 GC heap before
{Heap before GC invocations=24 (full 3):
 PSYoungGen      total 7168K, used 7138K [0x00000000f5d00000, 0x00000000f6700000, 0x0000000100000000)
  eden space 5120K, 100% used [0x00000000f5d00000,0x00000000f6200000,0x00000000f6200000)
  from space 2048K, 98% used [0x00000000f6500000,0x00000000f66f8b18,0x00000000f6700000)
  to   space 2560K, 0% used [0x00000000f6200000,0x00000000f6200000,0x00000000f6480000)
 ParOldGen       total 17408K, used 10348K [0x00000000e1600000, 0x00000000e2700000, 0x00000000f5d00000)
  object space 17408K, 59% used [0x00000000e1600000,0x00000000e201b0b8,0x00000000e2700000)
 Metaspace       used 8913K, capacity 9428K, committed 9600K, reserved 1058816K
  class space    used 1023K, capacity 1040K, committed 1152K, reserved 1048576K
Event: 23.117 GC heap after
Heap after GC invocations=24 (full 3):
 PSYoungGen      total 7680K, used 2528K [0x00000000f5d00000, 0x00000000f6880000, 0x0000000100000000)
  eden space 5120K, 0% used [0x00000000f5d00000,0x00000000f5d00000,0x00000000f6200000)
  from space 2560K, 98% used [0x00000000f6200000,0x00000000f6478010,0x00000000f6480000)
  to   space 3072K, 0% used [0x00000000f6580000,0x00000000f6580000,0x00000000f6880000)
 ParOldGen       total 17408K, used 10527K [0x00000000e1600000, 0x00000000e2700000, 0x00000000f5d00000)
  object space 17408K, 60% used [0x00000000e1600000,0x00000000e2047d78,0x00000000e2700000)
 Metaspace       used 8913K, capacity 9428K, committed 9600K, reserved 1058816K
  class space    used 1023K, capacity 1040K, committed 1152K, reserved 1048576K
}
Event: 23.924 GC heap before
{Heap before GC invocations=25 (full 3):
 PSYoungGen      total 7680K, used 7648K [0x00000000f5d00000, 0x00000000f6880000, 0x0000000100000000)
  eden space 5120K, 100% used [0x00000000f5d00000,0x00000000f6200000,0x00000000f6200000)
  from space 2560K, 98% used [0x00000000f6200000,0x00000000f6478010,0x00000000f6480000)
  to   space 3072K, 0% used [0x00000000f6580000,0x00000000f6580000,0x00000000f6880000)
 ParOldGen       total 17408K, used 10527K [0x00000000e1600000, 0x00000000e2700000, 0x00000000f5d00000)
  object space 17408K, 60% used [0x00000000e1600000,0x00000000e2047d78,0x00000000e2700000)
 Metaspace       used 9390K, capacity 9876K, committed 10112K, reserved 1058816K
  class space    used 1077K, capacity 1104K, committed 1152K, reserved 1048576K
Event: 23.929 GC heap after
Heap after GC invocations=25 (full 3):
 PSYoungGen      total 8704K, used 1440K [0x00000000f5d00000, 0x00000000f6880000, 0x0000000100000000)
  eden space 5632K, 0% used [0x00000000f5d00000,0x00000000f5d00000,0x00000000f6280000)
  from space 3072K, 46% used [0x00000000f6580000,0x00000000f66e8000,0x00000000f6880000)
  to   space 3072K, 0% used [0x00000000f6280000,0x00000000f6280000,0x00000000f6580000)
 ParOldGen       total 17408K, used 12300K [0x00000000e1600000, 0x00000000e2700000, 0x00000000f5d00000)
  object space 17408K, 70% used [0x00000000e1600000,0x00000000e2203008,0x00000000e2700000)
 Metaspace       used 9390K, capacity 9876K, committed 10112K, reserved 1058816K
  class space    used 1077K, capacity 1104K, committed 1152K, reserved 1048576K
}
Event: 24.448 GC heap before
{Heap before GC invocations=26 (full 3):
 PSYoungGen      total 8704K, used 7072K [0x00000000f5d00000, 0x00000000f6880000, 0x0000000100000000)
  eden space 5632K, 100% used [0x00000000f5d00000,0x00000000f6280000,0x00000000f6280000)
  from space 3072K, 46% used [0x00000000f6580000,0x00000000f66e8000,0x00000000f6880000)
  to   space 3072K, 0% used [0x00000000f6280000,0x00000000f6280000,0x00000000f6580000)
 ParOldGen       total 17408K, used 12300K [0x00000000e1600000, 0x00000000e2700000, 0x00000000f5d00000)
  object space 17408K, 70% used [0x00000000e1600000,0x00000000e2203008,0x00000000e2700000)
 Metaspace       used 9669K, capacity 10068K, committed 10368K, reserved 1058816K
  class space    used 1079K, capacity 1104K, committed 1152K, reserved 1048576K
Event: 24.453 GC heap after
Heap after GC invocations=26 (full 3):
 PSYoungGen      total 8704K, used 1632K [0x00000000f5d00000, 0x00000000f6900000, 0x0000000100000000)
  eden space 5632K, 0% used [0x00000000f5d00000,0x00000000f5d00000,0x00000000f6280000)
  from space 3072K, 53% used [0x00000000f6280000,0x00000000f6418000,0x00000000f6580000)
  to   space 3072K, 0% used [0x00000000f6600000,0x00000000f6600000,0x00000000f6900000)
 ParOldGen       total 17408K, used 12308K [0x00000000e1600000, 0x00000000e2700000, 0x00000000f5d00000)
  object space 17408K, 70% used [0x00000000e1600000,0x00000000e2205008,0x00000000e2700000)
 Metaspace       used 9669K, capacity 10068K, committed 10368K, reserved 1058816K
  class space    used 1079K, capacity 1104K, committed 1152K, reserved 1048576K
}

